This is pdfTeX, Version 3.141592653-2.6-1.40.23 (TeX Live 2021/W32TeX) (preloaded format=pdflatex 2021.9.18)  12 OCT 2021 09:29
entering extended mode
 restricted \write18 enabled.
 %&-line parsing enabled.
**determinant_yield.tex
(./determinant_yield.tex
LaTeX2e <2021-06-01> patch level 1
L3 programming layer <2021-08-27> (c:/Users/Vega/AppData/Roaming/TinyTeX/texmf-
dist/tex/latex/base/article.cls
Document Class: article 2021/02/12 v1.4n Standard LaTeX document class
(c:/Users/Vega/AppData/Roaming/TinyTeX/texmf-dist/tex/latex/base/size10.clo
File: size10.clo 2021/02/12 v1.4n Standard LaTeX file (size option)
)
\c@part=\count182
\c@section=\count183
\c@subsection=\count184
\c@subsubsection=\count185
\c@paragraph=\count186
\c@subparagraph=\count187
\c@figure=\count188
\c@table=\count189
\abovecaptionskip=\skip47
\belowcaptionskip=\skip48
\bibindent=\dimen138
)
(c:/Users/Vega/AppData/Roaming/TinyTeX/texmf-dist/tex/latex/amsmath/amsmath.sty
Package: amsmath 2021/04/20 v2.17j AMS math features
\@mathmargin=\skip49
For additional information on amsmath, use the `?' option.

(c:/Users/Vega/AppData/Roaming/TinyTeX/texmf-dist/tex/latex/amsmath/amstext.sty
Package: amstext 2000/06/29 v2.01 AMS text
(c:/Users/Vega/AppData/Roaming/TinyTeX/texmf-dist/tex/latex/amsmath/amsgen.sty
File: amsgen.sty 1999/11/30 v2.0 generic functions
\@emptytoks=\toks16
\ex@=\dimen139
)) (c:/Users/Vega/AppData/Roaming/TinyTeX/texmf-dist/tex/latex/amsmath/amsbsy.s
ty
Package: amsbsy 1999/11/29 v1.2d Bold Symbols
\pmbraise@=\dimen140
) (c:/Users/Vega/AppData/Roaming/TinyTeX/texmf-dist/tex/latex/amsmath/amsopn.st
y
Package: amsopn 2016/03/08 v2.02 operator names
)
\inf@bad=\count190
LaTeX Info: Redefining \frac on input line 234.
\uproot@=\count191
\leftroot@=\count192
LaTeX Info: Redefining \overline on input line 399.
\classnum@=\count193
\DOTSCASE@=\count194
LaTeX Info: Redefining \ldots on input line 496.
LaTeX Info: Redefining \dots on input line 499.
LaTeX Info: Redefining \cdots on input line 620.
\Mathstrutbox@=\box50
\strutbox@=\box51
\big@size=\dimen141
LaTeX Font Info:    Redeclaring font encoding OML on input line 743.
LaTeX Font Info:    Redeclaring font encoding OMS on input line 744.
\macc@depth=\count195
\c@MaxMatrixCols=\count196
\dotsspace@=\muskip16
\c@parentequation=\count197
\dspbrk@lvl=\count198
\tag@help=\toks17
\row@=\count199
\column@=\count266
\maxfields@=\count267
\andhelp@=\toks18
\eqnshift@=\dimen142
\alignsep@=\dimen143
\tagshift@=\dimen144
\tagwidth@=\dimen145
\totwidth@=\dimen146
\lineht@=\dimen147
\@envbody=\toks19
\multlinegap=\skip50
\multlinetaggap=\skip51
\mathdisplay@stack=\toks20
LaTeX Info: Redefining \[ on input line 2923.
LaTeX Info: Redefining \] on input line 2924.
)
(c:/Users/Vega/AppData/Roaming/TinyTeX/texmf-dist/tex/latex/amsfonts/amssymb.st
y
Package: amssymb 2013/01/14 v3.01 AMS font symbols

(c:/Users/Vega/AppData/Roaming/TinyTeX/texmf-dist/tex/latex/amsfonts/amsfonts.s
ty
Package: amsfonts 2013/01/14 v3.01 Basic AMSFonts support
\symAMSa=\mathgroup4
\symAMSb=\mathgroup5
LaTeX Font Info:    Redeclaring math symbol \hbar on input line 98.
LaTeX Font Info:    Overwriting math alphabet `\mathfrak' in version `bold'
(Font)                  U/euf/m/n --> U/euf/b/n on input line 106.
)) (c:/Users/Vega/AppData/Roaming/TinyTeX/texmf-dist/tex/latex/lm/lmodern.sty
Package: lmodern 2015/05/01 v1.6.1 Latin Modern Fonts
LaTeX Font Info:    Overwriting symbol font `operators' in version `normal'
(Font)                  OT1/cmr/m/n --> OT1/lmr/m/n on input line 22.
LaTeX Font Info:    Overwriting symbol font `letters' in version `normal'
(Font)                  OML/cmm/m/it --> OML/lmm/m/it on input line 23.
LaTeX Font Info:    Overwriting symbol font `symbols' in version `normal'
(Font)                  OMS/cmsy/m/n --> OMS/lmsy/m/n on input line 24.
LaTeX Font Info:    Overwriting symbol font `largesymbols' in version `normal'
(Font)                  OMX/cmex/m/n --> OMX/lmex/m/n on input line 25.
LaTeX Font Info:    Overwriting symbol font `operators' in version `bold'
(Font)                  OT1/cmr/bx/n --> OT1/lmr/bx/n on input line 26.
LaTeX Font Info:    Overwriting symbol font `letters' in version `bold'
(Font)                  OML/cmm/b/it --> OML/lmm/b/it on input line 27.
LaTeX Font Info:    Overwriting symbol font `symbols' in version `bold'
(Font)                  OMS/cmsy/b/n --> OMS/lmsy/b/n on input line 28.
LaTeX Font Info:    Overwriting symbol font `largesymbols' in version `bold'
(Font)                  OMX/cmex/m/n --> OMX/lmex/m/n on input line 29.
LaTeX Font Info:    Overwriting math alphabet `\mathbf' in version `normal'
(Font)                  OT1/cmr/bx/n --> OT1/lmr/bx/n on input line 31.
LaTeX Font Info:    Overwriting math alphabet `\mathsf' in version `normal'
(Font)                  OT1/cmss/m/n --> OT1/lmss/m/n on input line 32.
LaTeX Font Info:    Overwriting math alphabet `\mathit' in version `normal'
(Font)                  OT1/cmr/m/it --> OT1/lmr/m/it on input line 33.
LaTeX Font Info:    Overwriting math alphabet `\mathtt' in version `normal'
(Font)                  OT1/cmtt/m/n --> OT1/lmtt/m/n on input line 34.
LaTeX Font Info:    Overwriting math alphabet `\mathbf' in version `bold'
(Font)                  OT1/cmr/bx/n --> OT1/lmr/bx/n on input line 35.
LaTeX Font Info:    Overwriting math alphabet `\mathsf' in version `bold'
(Font)                  OT1/cmss/bx/n --> OT1/lmss/bx/n on input line 36.
LaTeX Font Info:    Overwriting math alphabet `\mathit' in version `bold'
(Font)                  OT1/cmr/bx/it --> OT1/lmr/bx/it on input line 37.
LaTeX Font Info:    Overwriting math alphabet `\mathtt' in version `bold'
(Font)                  OT1/cmtt/m/n --> OT1/lmtt/m/n on input line 38.
)
(c:/Users/Vega/AppData/Roaming/TinyTeX/texmf-dist/tex/generic/iftex/ifxetex.sty
Package: ifxetex 2019/10/25 v0.7 ifxetex legacy package. Use iftex instead.
(c:/Users/Vega/AppData/Roaming/TinyTeX/texmf-dist/tex/generic/iftex/iftex.sty
Package: iftex 2020/03/06 v1.0d TeX engine tests
))
(c:/Users/Vega/AppData/Roaming/TinyTeX/texmf-dist/tex/generic/iftex/ifluatex.st
y
Package: ifluatex 2019/10/25 v1.5 ifluatex legacy package. Use iftex instead.
) (c:/Users/Vega/AppData/Roaming/TinyTeX/texmf-dist/tex/latex/base/fontenc.sty
Package: fontenc 2021/04/29 v2.0v Standard LaTeX package
LaTeX Font Info:    Trying to load font information for T1+lmr on input line 11
2.
(c:/Users/Vega/AppData/Roaming/TinyTeX/texmf-dist/tex/latex/lm/t1lmr.fd
File: t1lmr.fd 2015/05/01 v1.6.1 Font defs for Latin Modern
)) (c:/Users/Vega/AppData/Roaming/TinyTeX/texmf-dist/tex/latex/base/inputenc.st
y
Package: inputenc 2021/02/14 v1.3d Input encoding file
\inpenc@prehook=\toks21
\inpenc@posthook=\toks22
) (c:/Users/Vega/AppData/Roaming/TinyTeX/texmf-dist/tex/latex/base/textcomp.sty
Package: textcomp 2020/02/02 v2.0n Standard LaTeX package
)
(c:/Users/Vega/AppData/Roaming/TinyTeX/texmf-dist/tex/latex/microtype/microtype
.sty
Package: microtype 2021/03/14 v2.8c Micro-typographical refinements (RS)

(c:/Users/Vega/AppData/Roaming/TinyTeX/texmf-dist/tex/latex/graphics/keyval.sty
Package: keyval 2014/10/28 v1.15 key=value parser (DPC)
\KV@toks@=\toks23
)
\MT@toks=\toks24
\MT@count=\count268
LaTeX Info: Redefining \textls on input line 790.
\MT@outer@kern=\dimen148
LaTeX Info: Redefining \textmicrotypecontext on input line 1374.
\MT@listname@count=\count269

(c:/Users/Vega/AppData/Roaming/TinyTeX/texmf-dist/tex/latex/microtype/microtype
-pdftex.def
File: microtype-pdftex.def 2021/03/14 v2.8c Definitions specific to pdftex (RS)

LaTeX Info: Redefining \lsstyle on input line 915.
LaTeX Info: Redefining \lslig on input line 915.
\MT@outer@space=\skip52
)
Package microtype Info: Loading configuration file microtype.cfg.

(c:/Users/Vega/AppData/Roaming/TinyTeX/texmf-dist/tex/latex/microtype/microtype
.cfg
File: microtype.cfg 2021/03/14 v2.8c microtype main configuration file (RS)
)) (c:/Users/Vega/AppData/Roaming/TinyTeX/texmf-dist/tex/latex/xcolor/xcolor.st
y
Package: xcolor 2016/05/11 v2.12 LaTeX color extensions (UK)

(c:/Users/Vega/AppData/Roaming/TinyTeX/texmf-dist/tex/latex/graphics-cfg/color.
cfg
File: color.cfg 2016/01/02 v1.6 sample color configuration
)
Package xcolor Info: Driver file: pdftex.def on input line 225.

(c:/Users/Vega/AppData/Roaming/TinyTeX/texmf-dist/tex/latex/graphics-def/pdftex
.def
File: pdftex.def 2020/10/05 v1.2a Graphics/color driver for pdftex
)
Package xcolor Info: Model `cmy' substituted by `cmy0' on input line 1348.
Package xcolor Info: Model `hsb' substituted by `rgb' on input line 1352.
Package xcolor Info: Model `RGB' extended on input line 1364.
Package xcolor Info: Model `HTML' substituted by `rgb' on input line 1366.
Package xcolor Info: Model `Hsb' substituted by `hsb' on input line 1367.
Package xcolor Info: Model `tHsb' substituted by `hsb' on input line 1368.
Package xcolor Info: Model `HSB' substituted by `hsb' on input line 1369.
Package xcolor Info: Model `Gray' substituted by `gray' on input line 1370.
Package xcolor Info: Model `wave' substituted by `hsb' on input line 1371.
)
(c:/Users/Vega/AppData/Roaming/TinyTeX/texmf-dist/tex/latex/hyperref/hyperref.s
ty
Package: hyperref 2021-06-07 v7.00m Hypertext links for LaTeX

(c:/Users/Vega/AppData/Roaming/TinyTeX/texmf-dist/tex/generic/ltxcmds/ltxcmds.s
ty
Package: ltxcmds 2020-05-10 v1.25 LaTeX kernel commands for general use (HO)
)
(c:/Users/Vega/AppData/Roaming/TinyTeX/texmf-dist/tex/generic/pdftexcmds/pdftex
cmds.sty
Package: pdftexcmds 2020-06-27 v0.33 Utility functions of pdfTeX for LuaTeX (HO
)

(c:/Users/Vega/AppData/Roaming/TinyTeX/texmf-dist/tex/generic/infwarerr/infware
rr.sty
Package: infwarerr 2019/12/03 v1.5 Providing info/warning/error messages (HO)
)
Package pdftexcmds Info: \pdf@primitive is available.
Package pdftexcmds Info: \pdf@ifprimitive is available.
Package pdftexcmds Info: \pdfdraftmode found.
)
(c:/Users/Vega/AppData/Roaming/TinyTeX/texmf-dist/tex/generic/kvsetkeys/kvsetke
ys.sty
Package: kvsetkeys 2019/12/15 v1.18 Key value parser (HO)
)
(c:/Users/Vega/AppData/Roaming/TinyTeX/texmf-dist/tex/generic/kvdefinekeys/kvde
finekeys.sty
Package: kvdefinekeys 2019-12-19 v1.6 Define keys (HO)
)
(c:/Users/Vega/AppData/Roaming/TinyTeX/texmf-dist/tex/generic/pdfescape/pdfesca
pe.sty
Package: pdfescape 2019/12/09 v1.15 Implements pdfTeX's escape features (HO)
)
(c:/Users/Vega/AppData/Roaming/TinyTeX/texmf-dist/tex/latex/hycolor/hycolor.sty
Package: hycolor 2020-01-27 v1.10 Color options for hyperref/bookmark (HO)
)
(c:/Users/Vega/AppData/Roaming/TinyTeX/texmf-dist/tex/latex/letltxmacro/letltxm
acro.sty
Package: letltxmacro 2019/12/03 v1.6 Let assignment for LaTeX macros (HO)
)
(c:/Users/Vega/AppData/Roaming/TinyTeX/texmf-dist/tex/latex/auxhook/auxhook.sty
Package: auxhook 2019-12-17 v1.6 Hooks for auxiliary files (HO)
)
(c:/Users/Vega/AppData/Roaming/TinyTeX/texmf-dist/tex/latex/kvoptions/kvoptions
.sty
Package: kvoptions 2020-10-07 v3.14 Key value format for package options (HO)
)
\@linkdim=\dimen149
\Hy@linkcounter=\count270
\Hy@pagecounter=\count271

(c:/Users/Vega/AppData/Roaming/TinyTeX/texmf-dist/tex/latex/hyperref/pd1enc.def
File: pd1enc.def 2021-06-07 v7.00m Hyperref: PDFDocEncoding definition (HO)
Now handling font encoding PD1 ...
... no UTF-8 mapping file for font encoding PD1
)
(c:/Users/Vega/AppData/Roaming/TinyTeX/texmf-dist/tex/latex/hyperref/hyperref-l
angpatches.def
File: hyperref-langpatches.def 2021-06-07 v7.00m Hyperref: patches for babel la
nguages
)
(c:/Users/Vega/AppData/Roaming/TinyTeX/texmf-dist/tex/generic/intcalc/intcalc.s
ty
Package: intcalc 2019/12/15 v1.3 Expandable calculations with integers (HO)
)
(c:/Users/Vega/AppData/Roaming/TinyTeX/texmf-dist/tex/generic/etexcmds/etexcmds
.sty
Package: etexcmds 2019/12/15 v1.7 Avoid name clashes with e-TeX commands (HO)
)
\Hy@SavedSpaceFactor=\count272
(c:/Users/Vega/AppData/Roaming/TinyTeX/texmf-dist/tex/latex/hyperref/puenc.def
File: puenc.def 2021-06-07 v7.00m Hyperref: PDF Unicode definition (HO)
Now handling font encoding PU ...
... no UTF-8 mapping file for font encoding PU
)
Package hyperref Info: Option `unicode' set `true' on input line 4073.
Package hyperref Info: Hyper figures OFF on input line 4192.
Package hyperref Info: Link nesting OFF on input line 4197.
Package hyperref Info: Hyper index ON on input line 4200.
Package hyperref Info: Plain pages OFF on input line 4207.
Package hyperref Info: Backreferencing OFF on input line 4212.
Package hyperref Info: Implicit mode ON; LaTeX internals redefined.
Package hyperref Info: Bookmarks ON on input line 4445.
\c@Hy@tempcnt=\count273
(c:/Users/Vega/AppData/Roaming/TinyTeX/texmf-dist/tex/latex/url/url.sty
\Urlmuskip=\muskip17
Package: url 2013/09/16  ver 3.4  Verb mode for urls, etc.
)
LaTeX Info: Redefining \url on input line 4804.
\XeTeXLinkMargin=\dimen150

(c:/Users/Vega/AppData/Roaming/TinyTeX/texmf-dist/tex/generic/bitset/bitset.sty
Package: bitset 2019/12/09 v1.3 Handle bit-vector datatype (HO)

(c:/Users/Vega/AppData/Roaming/TinyTeX/texmf-dist/tex/generic/bigintcalc/bigint
calc.sty
Package: bigintcalc 2019/12/15 v1.5 Expandable calculations on big integers (HO
)
))
\Fld@menulength=\count274
\Field@Width=\dimen151
\Fld@charsize=\dimen152
Package hyperref Info: Hyper figures OFF on input line 6076.
Package hyperref Info: Link nesting OFF on input line 6081.
Package hyperref Info: Hyper index ON on input line 6084.
Package hyperref Info: backreferencing OFF on input line 6091.
Package hyperref Info: Link coloring OFF on input line 6096.
Package hyperref Info: Link coloring with OCG OFF on input line 6101.
Package hyperref Info: PDF/A mode OFF on input line 6106.
LaTeX Info: Redefining \ref on input line 6146.
LaTeX Info: Redefining \pageref on input line 6150.

(c:/Users/Vega/AppData/Roaming/TinyTeX/texmf-dist/tex/latex/base/atbegshi-ltx.s
ty
Package: atbegshi-ltx 2021/01/10 v1.0c Emulation of the original atbegshi
package with kernel methods
)
\Hy@abspage=\count275
\c@Item=\count276
\c@Hfootnote=\count277
)
Package hyperref Info: Driver (autodetected): hpdftex.

(c:/Users/Vega/AppData/Roaming/TinyTeX/texmf-dist/tex/latex/hyperref/hpdftex.de
f
File: hpdftex.def 2021-06-07 v7.00m Hyperref driver for pdfTeX

(c:/Users/Vega/AppData/Roaming/TinyTeX/texmf-dist/tex/latex/base/atveryend-ltx.
sty
Package: atveryend-ltx 2020/08/19 v1.0a Emulation of the original atvery packag
e
with kernel methods
)
\Fld@listcount=\count278
\c@bookmark@seq@number=\count279

(c:/Users/Vega/AppData/Roaming/TinyTeX/texmf-dist/tex/latex/rerunfilecheck/reru
nfilecheck.sty
Package: rerunfilecheck 2019/12/05 v1.9 Rerun checks for auxiliary files (HO)

(c:/Users/Vega/AppData/Roaming/TinyTeX/texmf-dist/tex/generic/uniquecounter/uni
quecounter.sty
Package: uniquecounter 2019/12/15 v1.4 Provide unlimited unique counter (HO)
)
Package uniquecounter Info: New unique counter `rerunfilecheck' on input line 2
86.
)
\Hy@SectionHShift=\skip53
)
(c:/Users/Vega/AppData/Roaming/TinyTeX/texmf-dist/tex/latex/geometry/geometry.s
ty
Package: geometry 2020/01/02 v5.9 Page Geometry
(c:/Users/Vega/AppData/Roaming/TinyTeX/texmf-dist/tex/generic/iftex/ifvtex.sty
Package: ifvtex 2019/10/25 v1.7 ifvtex legacy package. Use iftex instead.
)
\Gm@cnth=\count280
\Gm@cntv=\count281
\c@Gm@tempcnt=\count282
\Gm@bindingoffset=\dimen153
\Gm@wd@mp=\dimen154
\Gm@odd@mp=\dimen155
\Gm@even@mp=\dimen156
\Gm@layoutwidth=\dimen157
\Gm@layoutheight=\dimen158
\Gm@layouthoffset=\dimen159
\Gm@layoutvoffset=\dimen160
\Gm@dimlist=\toks25
)
(c:/Users/Vega/AppData/Roaming/TinyTeX/texmf-dist/tex/latex/tools/longtable.sty
Package: longtable 2021-05-07 v4.16 Multi-page Table package (DPC)
\LTleft=\skip54
\LTright=\skip55
\LTpre=\skip56
\LTpost=\skip57
\LTchunksize=\count283
\LTcapwidth=\dimen161
\LT@head=\box52
\LT@firsthead=\box53
\LT@foot=\box54
\LT@lastfoot=\box55
\LT@gbox=\box56
\LT@cols=\count284
\LT@rows=\count285
\c@LT@tables=\count286
\c@LT@chunks=\count287
\LT@p@ftn=\toks26
)
(c:/Users/Vega/AppData/Roaming/TinyTeX/texmf-dist/tex/latex/booktabs/booktabs.s
ty
Package: booktabs 2020/01/12 v1.61803398 Publication quality tables
\heavyrulewidth=\dimen162
\lightrulewidth=\dimen163
\cmidrulewidth=\dimen164
\belowrulesep=\dimen165
\belowbottomsep=\dimen166
\aboverulesep=\dimen167
\abovetopsep=\dimen168
\cmidrulesep=\dimen169
\cmidrulekern=\dimen170
\defaultaddspace=\dimen171
\@cmidla=\count288
\@cmidlb=\count289
\@aboverulesep=\dimen172
\@belowrulesep=\dimen173
\@thisruleclass=\count290
\@lastruleclass=\count291
\@thisrulewidth=\dimen174
) (c:/Users/Vega/AppData/Roaming/TinyTeX/texmf-dist/tex/latex/tools/array.sty
Package: array 2021/04/20 v2.5e Tabular extension package (FMi)
\col@sep=\dimen175
\ar@mcellbox=\box57
\extrarowheight=\dimen176
\NC@list=\toks27
\extratabsurround=\skip58
\backup@length=\skip59
\ar@cellbox=\box58
) (c:/Users/Vega/AppData/Roaming/TinyTeX/texmf-dist/tex/latex/tools/calc.sty
Package: calc 2017/05/25 v4.3 Infix arithmetic (KKT,FJ)
\calc@Acount=\count292
\calc@Bcount=\count293
\calc@Adimen=\dimen177
\calc@Bdimen=\dimen178
\calc@Askip=\skip60
\calc@Bskip=\skip61
LaTeX Info: Redefining \setlength on input line 80.
LaTeX Info: Redefining \addtolength on input line 81.
\calc@Ccount=\count294
\calc@Cskip=\skip62
)
(c:/Users/Vega/AppData/Roaming/TinyTeX/texmf-dist/tex/latex/etoolbox/etoolbox.s
ty
Package: etoolbox 2020/10/05 v2.5k e-TeX tools for LaTeX (JAW)
\etb@tempcnta=\count295
)
(c:/Users/Vega/AppData/Roaming/TinyTeX/texmf-dist/tex/latex/mdwtools/footnote.s
ty
Package: footnote 1997/01/28 1.13 Save footnotes around boxes
\fn@notes=\box59
\fn@width=\dimen179
)
(c:/Users/Vega/AppData/Roaming/TinyTeX/texmf-dist/tex/latex/graphics/graphicx.s
ty
Package: graphicx 2020/12/05 v1.2c Enhanced LaTeX Graphics (DPC,SPQR)

(c:/Users/Vega/AppData/Roaming/TinyTeX/texmf-dist/tex/latex/graphics/graphics.s
ty
Package: graphics 2021/03/04 v1.4d Standard LaTeX Graphics (DPC,SPQR)
(c:/Users/Vega/AppData/Roaming/TinyTeX/texmf-dist/tex/latex/graphics/trig.sty
Package: trig 2016/01/03 v1.10 sin cos tan (DPC)
)
(c:/Users/Vega/AppData/Roaming/TinyTeX/texmf-dist/tex/latex/graphics-cfg/graphi
cs.cfg
File: graphics.cfg 2016/06/04 v1.11 sample graphics configuration
)
Package graphics Info: Driver file: pdftex.def on input line 107.
)
\Gin@req@height=\dimen180
\Gin@req@width=\dimen181
)
(c:/Users/Vega/AppData/Roaming/TinyTeX/texmf-dist/tex/latex/multirow/multirow.s
ty
Package: multirow 2021/03/15 v2.8 Span multiple rows of a table
\multirow@colwidth=\skip63
\multirow@cntb=\count296
\multirow@dima=\skip64
\bigstrutjot=\dimen182
)
(c:/Users/Vega/AppData/Roaming/TinyTeX/texmf-dist/tex/latex/wrapfig/wrapfig.sty
\wrapoverhang=\dimen183
\WF@size=\dimen184
\c@WF@wrappedlines=\count297
\WF@box=\box60
\WF@everypar=\toks28
Package: wrapfig 2003/01/31  v 3.6
) (c:/Users/Vega/AppData/Roaming/TinyTeX/texmf-dist/tex/latex/float/float.sty
Package: float 2001/11/08 v1.3d Float enhancements (AL)
\c@float@type=\count298
\float@exts=\toks29
\float@box=\box61
\@float@everytoks=\toks30
\@floatcapt=\box62
)
(c:/Users/Vega/AppData/Roaming/TinyTeX/texmf-dist/tex/latex/colortbl/colortbl.s
ty
Package: colortbl 2020/01/04 v1.0e Color table columns (DPC)
\everycr=\toks31
\minrowclearance=\skip65
)
(c:/Users/Vega/AppData/Roaming/TinyTeX/texmf-dist/tex/latex/pdflscape/pdflscape
.sty
Package: pdflscape 2019/12/05 v0.12 Display of landscape pages in PDF (HO)

(c:/Users/Vega/AppData/Roaming/TinyTeX/texmf-dist/tex/latex/graphics/lscape.sty
Package: lscape 2020/05/28 v3.02 Landscape Pages (DPC)
)
Package pdflscape Info: Auto-detected driver: pdftex on input line 81.
) (c:/Users/Vega/AppData/Roaming/TinyTeX/texmf-dist/tex/latex/tabu/tabu.sty
Package: tabu 2019/01/11 v2.9 - flexible LaTeX tabulars (FC+tabu-fixed)

(c:/Users/Vega/AppData/Roaming/TinyTeX/texmf-dist/tex/latex/varwidth/varwidth.s
ty
Package: varwidth 2009/03/30 ver 0.92;  Variable-width minipages
\@vwid@box=\box63
\sift@deathcycles=\count299
\@vwid@loff=\dimen185
\@vwid@roff=\dimen186
)
\c@taburow=\count300
\tabu@nbcols=\count301
\tabu@cnt=\count302
\tabu@Xcol=\count303
\tabu@alloc=\count304
\tabu@nested=\count305
\tabu@target=\dimen187
\tabu@spreadtarget=\dimen188
\tabu@naturalX=\dimen189
\tabucolX=\dimen190
\tabu@Xsum=\dimen191
\extrarowdepth=\dimen192
\abovetabulinesep=\dimen193
\belowtabulinesep=\dimen194
\tabustrutrule=\dimen195
\tabu@thebody=\toks32
\tabu@footnotes=\toks33
\tabu@box=\box64
\tabu@arstrutbox=\box65
\tabu@hleads=\box66
\tabu@vleads=\box67
\tabu@cellskip=\skip66
)
(c:/Users/Vega/AppData/Roaming/TinyTeX/texmf-dist/tex/latex/threeparttable/thre
eparttable.sty
Package: threeparttable 2003/06/13  v 3.0
\@tempboxb=\box68
)
(c:/Users/Vega/AppData/Roaming/TinyTeX/texmf-dist/tex/latex/threeparttablex/thr
eeparttablex.sty
Package: threeparttablex 2013/07/23 v0.3 by daleif

(c:/Users/Vega/AppData/Roaming/TinyTeX/texmf-dist/tex/latex/environ/environ.sty
Package: environ 2014/05/04 v0.3 A new way to define environments

(c:/Users/Vega/AppData/Roaming/TinyTeX/texmf-dist/tex/latex/trimspaces/trimspac
es.sty
Package: trimspaces 2009/09/17 v1.1 Trim spaces around a token list
))
\TPTL@width=\skip67
) (c:/Users/Vega/AppData/Roaming/TinyTeX/texmf-dist/tex/generic/ulem/ulem.sty
\UL@box=\box69
\UL@hyphenbox=\box70
\UL@skip=\skip68
\UL@hook=\toks34
\UL@height=\dimen196
\UL@pe=\count306
\UL@pixel=\dimen197
\ULC@box=\box71
Package: ulem 2019/11/18
\ULdepth=\dimen198
)
(c:/Users/Vega/AppData/Roaming/TinyTeX/texmf-dist/tex/latex/makecell/makecell.s
ty
Package: makecell 2009/08/03 V0.1e Managing of Tab Column Heads and Cells
\rotheadsize=\dimen199
\c@nlinenum=\count307
\TeXr@lab=\toks35
)
\cslhangindent=\skip69
\csllabelwidth=\skip70

(c:/Users/Vega/AppData/Roaming/TinyTeX/texmf-dist/tex/latex/l3backend/l3backend
-pdftex.def
File: l3backend-pdftex.def 2021-08-04 L3 backend support: PDF output (pdfTeX)
\l__color_backend_stack_int=\count308
\l__pdf_internal_box=\box72
) (./determinant_yield.aux)
\openout1 = `determinant_yield.aux'.

LaTeX Font Info:    Checking defaults for OML/cmm/m/it on input line 114.
LaTeX Font Info:    ... okay on input line 114.
LaTeX Font Info:    Checking defaults for OMS/cmsy/m/n on input line 114.
LaTeX Font Info:    ... okay on input line 114.
LaTeX Font Info:    Checking defaults for OT1/cmr/m/n on input line 114.
LaTeX Font Info:    ... okay on input line 114.
LaTeX Font Info:    Checking defaults for T1/cmr/m/n on input line 114.
LaTeX Font Info:    ... okay on input line 114.
LaTeX Font Info:    Checking defaults for TS1/cmr/m/n on input line 114.
LaTeX Font Info:    ... okay on input line 114.
LaTeX Font Info:    Checking defaults for OMX/cmex/m/n on input line 114.
LaTeX Font Info:    ... okay on input line 114.
LaTeX Font Info:    Checking defaults for U/cmr/m/n on input line 114.
LaTeX Font Info:    ... okay on input line 114.
LaTeX Font Info:    Checking defaults for PD1/pdf/m/n on input line 114.
LaTeX Font Info:    ... okay on input line 114.
LaTeX Font Info:    Checking defaults for PU/pdf/m/n on input line 114.
LaTeX Font Info:    ... okay on input line 114.
LaTeX Info: Redefining \microtypecontext on input line 114.
Package microtype Info: Generating PDF output.
Package microtype Info: Character protrusion enabled (level 2).
Package microtype Info: Using protrusion set `basicmath'.
Package microtype Info: Automatic font expansion enabled (level 2),
(microtype)             stretch: 20, shrink: 20, step: 1, non-selected.
Package microtype Info: Using default expansion set `alltext-nott'.
LaTeX Info: Redefining \showhyphens on input line 114.
Package microtype Info: No adjustment of tracking.
Package microtype Info: No adjustment of interword spacing.
Package microtype Info: No adjustment of character kerning.

(c:/Users/Vega/AppData/Roaming/TinyTeX/texmf-dist/tex/latex/microtype/mt-cmr.cf
g
File: mt-cmr.cfg 2013/05/19 v2.2 microtype config. file: Computer Modern Roman 
(RS)
)
(c:/Users/Vega/AppData/Roaming/TinyTeX/texmf-dist/tex/latex/epstopdf-pkg/epstop
df-base.sty
Package: epstopdf-base 2020-01-24 v2.11 Base part for package epstopdf
Package epstopdf-base Info: Redefining graphics rule for `.eps' on input line 4
85.

(c:/Users/Vega/AppData/Roaming/TinyTeX/texmf-dist/tex/latex/latexconfig/epstopd
f-sys.cfg
File: epstopdf-sys.cfg 2010/07/13 v1.3 Configuration of (r)epstopdf for TeX Liv
e
))
Package hyperref Info: Link coloring OFF on input line 114.

(c:/Users/Vega/AppData/Roaming/TinyTeX/texmf-dist/tex/latex/hyperref/nameref.st
y
Package: nameref 2021-04-02 v2.47 Cross-referencing by name of section

(c:/Users/Vega/AppData/Roaming/TinyTeX/texmf-dist/tex/latex/refcount/refcount.s
ty
Package: refcount 2019/12/15 v3.6 Data extraction from label references (HO)
)
(c:/Users/Vega/AppData/Roaming/TinyTeX/texmf-dist/tex/generic/gettitlestring/ge
ttitlestring.sty
Package: gettitlestring 2019/12/15 v1.6 Cleanup title references (HO)
)
\c@section@level=\count309
)
LaTeX Info: Redefining \ref on input line 114.
LaTeX Info: Redefining \pageref on input line 114.
LaTeX Info: Redefining \nameref on input line 114.
(./determinant_yield.out) (./determinant_yield.out)
\@outlinefile=\write3
\openout3 = `determinant_yield.out'.

*geometry* driver: auto-detecting
*geometry* detected driver: pdftex
*geometry* verbose mode - [ preamble ] result:
* driver: pdftex
* paper: <default>
* layout: <same size as paper>
* layoutoffset:(h,v)=(0.0pt,0.0pt)
* modes: 
* h-part:(L,W,R)=(72.26999pt, 469.75502pt, 72.26999pt)
* v-part:(T,H,B)=(72.26999pt, 650.43001pt, 72.26999pt)
* \paperwidth=614.295pt
* \paperheight=794.96999pt
* \textwidth=469.75502pt
* \textheight=650.43001pt
* \oddsidemargin=0.0pt
* \evensidemargin=0.0pt
* \topmargin=-37.0pt
* \headheight=12.0pt
* \headsep=25.0pt
* \topskip=10.0pt
* \footskip=30.0pt
* \marginparwidth=65.0pt
* \marginparsep=11.0pt
* \columnsep=10.0pt
* \skip\footins=9.0pt plus 4.0pt minus 2.0pt
* \hoffset=0.0pt
* \voffset=0.0pt
* \mag=1000
* \@twocolumnfalse
* \@twosidefalse
* \@mparswitchfalse
* \@reversemarginfalse
* (1in=72.27pt=25.4mm, 1cm=28.453pt)

LaTeX Font Info:    Trying to load font information for OT1+lmr on input line 1
16.
(c:/Users/Vega/AppData/Roaming/TinyTeX/texmf-dist/tex/latex/lm/ot1lmr.fd
File: ot1lmr.fd 2015/05/01 v1.6.1 Font defs for Latin Modern
)
LaTeX Font Info:    Trying to load font information for OML+lmm on input line 1
16.
(c:/Users/Vega/AppData/Roaming/TinyTeX/texmf-dist/tex/latex/lm/omllmm.fd
File: omllmm.fd 2015/05/01 v1.6.1 Font defs for Latin Modern
)
LaTeX Font Info:    Trying to load font information for OMS+lmsy on input line 
116.
(c:/Users/Vega/AppData/Roaming/TinyTeX/texmf-dist/tex/latex/lm/omslmsy.fd
File: omslmsy.fd 2015/05/01 v1.6.1 Font defs for Latin Modern
)
LaTeX Font Info:    Trying to load font information for OMX+lmex on input line 
116.
(c:/Users/Vega/AppData/Roaming/TinyTeX/texmf-dist/tex/latex/lm/omxlmex.fd
File: omxlmex.fd 2015/05/01 v1.6.1 Font defs for Latin Modern
)
LaTeX Font Info:    External font `lmex10' loaded for size
(Font)              <12> on input line 116.
LaTeX Font Info:    External font `lmex10' loaded for size
(Font)              <8> on input line 116.
LaTeX Font Info:    External font `lmex10' loaded for size
(Font)              <6> on input line 116.
LaTeX Font Info:    Trying to load font information for U+msa on input line 116
.
(c:/Users/Vega/AppData/Roaming/TinyTeX/texmf-dist/tex/latex/amsfonts/umsa.fd
File: umsa.fd 2013/01/14 v3.01 AMS symbols A
)
(c:/Users/Vega/AppData/Roaming/TinyTeX/texmf-dist/tex/latex/microtype/mt-msa.cf
g
File: mt-msa.cfg 2006/02/04 v1.1 microtype config. file: AMS symbols (a) (RS)
)
LaTeX Font Info:    Trying to load font information for U+msb on input line 116
.
(c:/Users/Vega/AppData/Roaming/TinyTeX/texmf-dist/tex/latex/amsfonts/umsb.fd
File: umsb.fd 2013/01/14 v3.01 AMS symbols B
)
(c:/Users/Vega/AppData/Roaming/TinyTeX/texmf-dist/tex/latex/microtype/mt-msb.cf
g
File: mt-msb.cfg 2005/06/01 v1.0 microtype config. file: AMS symbols (b) (RS)
) (./determinant_yield.toc
LaTeX Font Info:    External font `lmex10' loaded for size
(Font)              <10> on input line 4.
LaTeX Font Info:    External font `lmex10' loaded for size
(Font)              <7> on input line 4.
LaTeX Font Info:    External font `lmex10' loaded for size
(Font)              <5> on input line 4.
)
\tf@toc=\write4
\openout4 = `determinant_yield.toc'.

[1

{c:/Users/Vega/AppData/Roaming/TinyTeX/texmf-var/fonts/map/pdftex/updmap/pdftex
.map}] [2] [3]
<determinant_yield_files/figure-latex/unnamed-chunk-2-1.pdf, id=133, 469.755pt 
x 325.215pt>
File: determinant_yield_files/figure-latex/unnamed-chunk-2-1.pdf Graphic file (
type pdf)
<use determinant_yield_files/figure-latex/unnamed-chunk-2-1.pdf>
Package pdftex.def Info: determinant_yield_files/figure-latex/unnamed-chunk-2-1
.pdf  used on input line 172.
(pdftex.def)             Requested size: 469.75386pt x 325.2142pt.
<picture/lcb_ust.png, id=134, 1257.69875pt x 779.91376pt>
File: picture/lcb_ust.png Graphic file (type png)
<use picture/lcb_ust.png>
Package pdftex.def Info: picture/lcb_ust.png  used on input line 174.
(pdftex.def)             Requested size: 234.87758pt x 145.65034pt.
[4 <./determinant_yield_files/figure-latex/unnamed-chunk-2-1.pdf>]
<picture/lcb_cds.png, id=150, 1257.69875pt x 779.91376pt>
File: picture/lcb_cds.png Graphic file (type png)
<use picture/lcb_cds.png>
Package pdftex.def Info: picture/lcb_cds.png  used on input line 176.
(pdftex.def)             Requested size: 234.87758pt x 145.65034pt.
<picture/lcb_fx.png, id=151, 1257.69875pt x 779.91376pt>
File: picture/lcb_fx.png Graphic file (type png)
<use picture/lcb_fx.png>
Package pdftex.def Info: picture/lcb_fx.png  used on input line 178.
(pdftex.def)             Requested size: 234.87758pt x 145.65034pt.
<picture/lcb_vix.png, id=152, 1257.69875pt x 779.91376pt>
File: picture/lcb_vix.png Graphic file (type png)
<use picture/lcb_vix.png>
Package pdftex.def Info: picture/lcb_vix.png  used on input line 180.
(pdftex.def)             Requested size: 234.87758pt x 145.65034pt.
<picture/lcb_foreign.png, id=153, 1257.69875pt x 779.91376pt>
File: picture/lcb_foreign.png Graphic file (type png)
<use picture/lcb_foreign.png>
Package pdftex.def Info: picture/lcb_foreign.png  used on input line 182.
(pdftex.def)             Requested size: 234.87758pt x 145.65034pt.
[5 <./picture/lcb_ust.png> <./picture/lcb_cds.png> <./picture/lcb_fx.png> <./pi
cture/lcb_vix.png>]
<picture/lcb_rate.png, id=162, 1257.69875pt x 779.91376pt>
File: picture/lcb_rate.png Graphic file (type png)
<use picture/lcb_rate.png>
Package pdftex.def Info: picture/lcb_rate.png  used on input line 184.
(pdftex.def)             Requested size: 234.87758pt x 145.65034pt.
<determinant_yield_files/figure-latex/unnamed-chunk-10-1.pdf, id=163, 469.755pt
 x 325.215pt>
File: determinant_yield_files/figure-latex/unnamed-chunk-10-1.pdf Graphic file 
(type pdf)
<use determinant_yield_files/figure-latex/unnamed-chunk-10-1.pdf>
Package pdftex.def Info: determinant_yield_files/figure-latex/unnamed-chunk-10-
1.pdf  used on input line 186.
(pdftex.def)             Requested size: 469.75386pt x 325.2142pt.
<determinant_yield_files/figure-latex/unnamed-chunk-10-2.pdf, id=164, 469.755pt
 x 325.215pt>
File: determinant_yield_files/figure-latex/unnamed-chunk-10-2.pdf Graphic file 
(type pdf)
<use determinant_yield_files/figure-latex/unnamed-chunk-10-2.pdf>
Package pdftex.def Info: determinant_yield_files/figure-latex/unnamed-chunk-10-
2.pdf  used on input line 186.
(pdftex.def)             Requested size: 469.75386pt x 325.2142pt.
<determinant_yield_files/figure-latex/unnamed-chunk-10-3.pdf, id=165, 469.755pt
 x 325.215pt>
File: determinant_yield_files/figure-latex/unnamed-chunk-10-3.pdf Graphic file 
(type pdf)
<use determinant_yield_files/figure-latex/unnamed-chunk-10-3.pdf>
Package pdftex.def Info: determinant_yield_files/figure-latex/unnamed-chunk-10-
3.pdf  used on input line 186.
(pdftex.def)             Requested size: 469.75386pt x 325.2142pt.
<determinant_yield_files/figure-latex/unnamed-chunk-10-4.pdf, id=166, 469.755pt
 x 325.215pt>
File: determinant_yield_files/figure-latex/unnamed-chunk-10-4.pdf Graphic file 
(type pdf)
<use determinant_yield_files/figure-latex/unnamed-chunk-10-4.pdf>
Package pdftex.def Info: determinant_yield_files/figure-latex/unnamed-chunk-10-
4.pdf  used on input line 186.
(pdftex.def)             Requested size: 469.75386pt x 325.2142pt.
<determinant_yield_files/figure-latex/unnamed-chunk-10-5.pdf, id=167, 469.755pt
 x 325.215pt>
File: determinant_yield_files/figure-latex/unnamed-chunk-10-5.pdf Graphic file 
(type pdf)
<use determinant_yield_files/figure-latex/unnamed-chunk-10-5.pdf>
Package pdftex.def Info: determinant_yield_files/figure-latex/unnamed-chunk-10-
5.pdf  used on input line 186.
(pdftex.def)             Requested size: 469.75386pt x 325.2142pt.
<determinant_yield_files/figure-latex/unnamed-chunk-10-6.pdf, id=168, 469.755pt
 x 325.215pt>
File: determinant_yield_files/figure-latex/unnamed-chunk-10-6.pdf Graphic file 
(type pdf)
<use determinant_yield_files/figure-latex/unnamed-chunk-10-6.pdf>
Package pdftex.def Info: determinant_yield_files/figure-latex/unnamed-chunk-10-
6.pdf  used on input line 186.
(pdftex.def)             Requested size: 469.75386pt x 325.2142pt.
<determinant_yield_files/figure-latex/unnamed-chunk-10-7.pdf, id=169, 469.755pt
 x 325.215pt>
File: determinant_yield_files/figure-latex/unnamed-chunk-10-7.pdf Graphic file 
(type pdf)
<use determinant_yield_files/figure-latex/unnamed-chunk-10-7.pdf>
Package pdftex.def Info: determinant_yield_files/figure-latex/unnamed-chunk-10-
7.pdf  used on input line 186.
(pdftex.def)             Requested size: 469.75386pt x 325.2142pt.

Underfull \hbox (badness 10000) in paragraph at lines 186--187
[][]
 []


Underfull \hbox (badness 10000) in paragraph at lines 186--187
[]
 []


Underfull \hbox (badness 10000) in paragraph at lines 186--187
[]
 []


Underfull \hbox (badness 10000) in paragraph at lines 186--187
[]
 []


Underfull \hbox (badness 10000) in paragraph at lines 186--187
[]
 []


Underfull \hbox (badness 10000) in paragraph at lines 186--187
[]
 []

[6 <./picture/lcb_foreign.png> <./picture/lcb_rate.png> <./determinant_yield_fi
les/figure-latex/unnamed-chunk-10-1.pdf>] [7 <./determinant_yield_files/figure-
latex/unnamed-chunk-10-2.pdf>] [8 <./determinant_yield_files/figure-latex/unnam
ed-chunk-10-3.pdf>] [9 <./determinant_yield_files/figure-latex/unnamed-chunk-10
-4.pdf>] [10 <./determinant_yield_files/figure-latex/unnamed-chunk-10-5.pdf>] [
11 <./determinant_yield_files/figure-latex/unnamed-chunk-10-6.pdf>]
<determinant_yield_files/figure-latex/unnamed-chunk-11-1.pdf, id=252, 469.755pt
 x 325.215pt>
File: determinant_yield_files/figure-latex/unnamed-chunk-11-1.pdf Graphic file 
(type pdf)
<use determinant_yield_files/figure-latex/unnamed-chunk-11-1.pdf>
Package pdftex.def Info: determinant_yield_files/figure-latex/unnamed-chunk-11-
1.pdf  used on input line 199.
(pdftex.def)             Requested size: 469.75386pt x 325.2142pt.
[12 <./determinant_yield_files/figure-latex/unnamed-chunk-10-7.pdf>]
<determinant_yield_files/figure-latex/unnamed-chunk-12-1.pdf, id=268, 469.755pt
 x 325.215pt>
File: determinant_yield_files/figure-latex/unnamed-chunk-12-1.pdf Graphic file 
(type pdf)
<use determinant_yield_files/figure-latex/unnamed-chunk-12-1.pdf>
Package pdftex.def Info: determinant_yield_files/figure-latex/unnamed-chunk-12-
1.pdf  used on input line 201.
(pdftex.def)             Requested size: 469.75386pt x 325.2142pt.
[13 <./determinant_yield_files/figure-latex/unnamed-chunk-11-1.pdf>]
<determinant_yield_files/figure-latex/unnamed-chunk-13-1.pdf, id=279, 469.755pt
 x 325.215pt>
File: determinant_yield_files/figure-latex/unnamed-chunk-13-1.pdf Graphic file 
(type pdf)
<use determinant_yield_files/figure-latex/unnamed-chunk-13-1.pdf>
Package pdftex.def Info: determinant_yield_files/figure-latex/unnamed-chunk-13-
1.pdf  used on input line 203.
(pdftex.def)             Requested size: 469.75386pt x 325.2142pt.
[14 <./determinant_yield_files/figure-latex/unnamed-chunk-12-1.pdf>]
<determinant_yield_files/figure-latex/unnamed-chunk-14-1.pdf, id=293, 469.755pt
 x 325.215pt>
File: determinant_yield_files/figure-latex/unnamed-chunk-14-1.pdf Graphic file 
(type pdf)
<use determinant_yield_files/figure-latex/unnamed-chunk-14-1.pdf>
Package pdftex.def Info: determinant_yield_files/figure-latex/unnamed-chunk-14-
1.pdf  used on input line 210.
(pdftex.def)             Requested size: 469.75386pt x 325.2142pt.
[15 <./determinant_yield_files/figure-latex/unnamed-chunk-13-1.pdf>]
<determinant_yield_files/figure-latex/unnamed-chunk-15-1.pdf, id=309, 469.755pt
 x 325.215pt>
File: determinant_yield_files/figure-latex/unnamed-chunk-15-1.pdf Graphic file 
(type pdf)
<use determinant_yield_files/figure-latex/unnamed-chunk-15-1.pdf>
Package pdftex.def Info: determinant_yield_files/figure-latex/unnamed-chunk-15-
1.pdf  used on input line 212.
(pdftex.def)             Requested size: 469.75386pt x 325.2142pt.
[16 <./determinant_yield_files/figure-latex/unnamed-chunk-14-1.pdf>]
<determinant_yield_files/figure-latex/ownprop-1.pdf, id=320, 469.755pt x 325.21
5pt>
File: determinant_yield_files/figure-latex/ownprop-1.pdf Graphic file (type pdf
)
<use determinant_yield_files/figure-latex/ownprop-1.pdf>
Package pdftex.def Info: determinant_yield_files/figure-latex/ownprop-1.pdf  us
ed on input line 218.
(pdftex.def)             Requested size: 469.75386pt x 325.2142pt.
<determinant_yield_files/figure-latex/unnamed-chunk-17-1.pdf, id=321, 469.755pt
 x 325.215pt>
File: determinant_yield_files/figure-latex/unnamed-chunk-17-1.pdf Graphic file 
(type pdf)
<use determinant_yield_files/figure-latex/unnamed-chunk-17-1.pdf>
Package pdftex.def Info: determinant_yield_files/figure-latex/unnamed-chunk-17-
1.pdf  used on input line 222.
(pdftex.def)             Requested size: 469.75386pt x 325.2142pt.
[17 <./determinant_yield_files/figure-latex/unnamed-chunk-15-1.pdf>] [18pdfTeX 
warning (ext4): destination with the same identifier (name{figure.1}) has been 
already used, duplicate ignored
<argument> ...shipout:D \box_use:N \l_shipout_box 
                                                  \__shipout_drop_firstpage_...
l.225 ...default-risk-5-year-credit-default-swap}}
                                                   <./determinant_yield_files/f
igure-latex/ownprop-1.pdf>]
<determinant_yield_files/figure-latex/unnamed-chunk-18-1.pdf, id=348, 469.755pt
 x 325.215pt>
File: determinant_yield_files/figure-latex/unnamed-chunk-18-1.pdf Graphic file 
(type pdf)
<use determinant_yield_files/figure-latex/unnamed-chunk-18-1.pdf>
Package pdftex.def Info: determinant_yield_files/figure-latex/unnamed-chunk-18-
1.pdf  used on input line 232.
(pdftex.def)             Requested size: 469.75386pt x 325.2142pt.
[19 <./determinant_yield_files/figure-latex/unnamed-chunk-17-1.pdf>]
<determinant_yield_files/figure-latex/unnamed-chunk-19-1.pdf, id=364, 469.755pt
 x 325.215pt>
File: determinant_yield_files/figure-latex/unnamed-chunk-19-1.pdf Graphic file 
(type pdf)
<use determinant_yield_files/figure-latex/unnamed-chunk-19-1.pdf>
Package pdftex.def Info: determinant_yield_files/figure-latex/unnamed-chunk-19-
1.pdf  used on input line 234.
(pdftex.def)             Requested size: 469.75386pt x 325.2142pt.
[20 <./determinant_yield_files/figure-latex/unnamed-chunk-18-1.pdf>]
LaTeX Font Info:    Trying to load font information for T1+lmtt on input line 2
43.
(c:/Users/Vega/AppData/Roaming/TinyTeX/texmf-dist/tex/latex/lm/t1lmtt.fd
File: t1lmtt.fd 2015/05/01 v1.6.1 Font defs for Latin Modern
)
Overfull \hbox (286.24278pt too wide) in paragraph at lines 252--252
[]\T1/lmtt/m/n/10 ## Warning in gran_warn(.data, gran1, gran2, hierarchy_tbl = 
hierarchy_tbl, : Some combinations of granularities have less than 30 observati
ons.[] 
 []


Overfull \hbox (286.24278pt too wide) in paragraph at lines 263--263
[]\T1/lmtt/m/n/10 ## Warning in gran_warn(.data, gran1, gran2, hierarchy_tbl = 
hierarchy_tbl, : Some combinations of granularities have less than 30 observati
ons.[] 
 []

[21 <./determinant_yield_files/figure-latex/unnamed-chunk-19-1.pdf>]
Overfull \hbox (286.24278pt too wide) in paragraph at lines 274--274
[]\T1/lmtt/m/n/10 ## Warning in gran_warn(.data, gran1, gran2, hierarchy_tbl = 
hierarchy_tbl, : Some combinations of granularities have less than 30 observati
ons.[] 
 []


Overfull \hbox (286.24278pt too wide) in paragraph at lines 285--285
[]\T1/lmtt/m/n/10 ## Warning in gran_warn(.data, gran1, gran2, hierarchy_tbl = 
hierarchy_tbl, : Some combinations of granularities have less than 30 observati
ons.[] 
 []


Overfull \hbox (286.24278pt too wide) in paragraph at lines 296--296
[]\T1/lmtt/m/n/10 ## Warning in gran_warn(.data, gran1, gran2, hierarchy_tbl = 
hierarchy_tbl, : Some combinations of granularities have less than 30 observati
ons.[] 
 []


Overfull \hbox (286.24278pt too wide) in paragraph at lines 307--307
[]\T1/lmtt/m/n/10 ## Warning in gran_warn(.data, gran1, gran2, hierarchy_tbl = 
hierarchy_tbl, : Some combinations of granularities have less than 30 observati
ons.[] 
 []


Overfull \hbox (286.24278pt too wide) in paragraph at lines 318--318
[]\T1/lmtt/m/n/10 ## Warning in gran_warn(.data, gran1, gran2, hierarchy_tbl = 
hierarchy_tbl, : Some combinations of granularities have less than 30 observati
ons.[] 
 []

<determinant_yield_files/figure-latex/unnamed-chunk-20-1.pdf, id=393, 469.755pt
 x 325.215pt>
File: determinant_yield_files/figure-latex/unnamed-chunk-20-1.pdf Graphic file 
(type pdf)
<use determinant_yield_files/figure-latex/unnamed-chunk-20-1.pdf>
Package pdftex.def Info: determinant_yield_files/figure-latex/unnamed-chunk-20-
1.pdf  used on input line 324.
(pdftex.def)             Requested size: 469.75386pt x 325.2142pt.
[22]
<determinant_yield_files/figure-latex/unnamed-chunk-21-1.pdf, id=398, 469.755pt
 x 325.215pt>
File: determinant_yield_files/figure-latex/unnamed-chunk-21-1.pdf Graphic file 
(type pdf)
<use determinant_yield_files/figure-latex/unnamed-chunk-21-1.pdf>
Package pdftex.def Info: determinant_yield_files/figure-latex/unnamed-chunk-21-
1.pdf  used on input line 326.
(pdftex.def)             Requested size: 469.75386pt x 325.2142pt.
[23 <./determinant_yield_files/figure-latex/unnamed-chunk-20-1.pdf>]
<determinant_yield_files/figure-latex/unnamed-chunk-22-1.pdf, id=412, 469.755pt
 x 325.215pt>
File: determinant_yield_files/figure-latex/unnamed-chunk-22-1.pdf Graphic file 
(type pdf)
<use determinant_yield_files/figure-latex/unnamed-chunk-22-1.pdf>
Package pdftex.def Info: determinant_yield_files/figure-latex/unnamed-chunk-22-
1.pdf  used on input line 333.
(pdftex.def)             Requested size: 469.75386pt x 325.2142pt.
[24 <./determinant_yield_files/figure-latex/unnamed-chunk-21-1.pdf>]
<determinant_yield_files/figure-latex/unnamed-chunk-23-1.pdf, id=428, 469.755pt
 x 325.215pt>
File: determinant_yield_files/figure-latex/unnamed-chunk-23-1.pdf Graphic file 
(type pdf)
<use determinant_yield_files/figure-latex/unnamed-chunk-23-1.pdf>
Package pdftex.def Info: determinant_yield_files/figure-latex/unnamed-chunk-23-
1.pdf  used on input line 335.
(pdftex.def)             Requested size: 469.75386pt x 325.2142pt.
[25 <./determinant_yield_files/figure-latex/unnamed-chunk-22-1.pdf>] [26 <./det
erminant_yield_files/figure-latex/unnamed-chunk-23-1.pdf>]
<determinant_yield_files/figure-latex/unnamed-chunk-25-1.pdf, id=453, 469.755pt
 x 325.215pt>
File: determinant_yield_files/figure-latex/unnamed-chunk-25-1.pdf Graphic file 
(type pdf)
<use determinant_yield_files/figure-latex/unnamed-chunk-25-1.pdf>
Package pdftex.def Info: determinant_yield_files/figure-latex/unnamed-chunk-25-
1.pdf  used on input line 350.
(pdftex.def)             Requested size: 469.75386pt x 325.2142pt.
<determinant_yield_files/figure-latex/unnamed-chunk-25-2.pdf, id=454, 469.755pt
 x 325.215pt>
File: determinant_yield_files/figure-latex/unnamed-chunk-25-2.pdf Graphic file 
(type pdf)
<use determinant_yield_files/figure-latex/unnamed-chunk-25-2.pdf>
Package pdftex.def Info: determinant_yield_files/figure-latex/unnamed-chunk-25-
2.pdf  used on input line 350.
(pdftex.def)             Requested size: 469.75386pt x 325.2142pt.
<determinant_yield_files/figure-latex/unnamed-chunk-25-3.pdf, id=455, 469.755pt
 x 325.215pt>
File: determinant_yield_files/figure-latex/unnamed-chunk-25-3.pdf Graphic file 
(type pdf)
<use determinant_yield_files/figure-latex/unnamed-chunk-25-3.pdf>
Package pdftex.def Info: determinant_yield_files/figure-latex/unnamed-chunk-25-
3.pdf  used on input line 350.
(pdftex.def)             Requested size: 469.75386pt x 325.2142pt.
<determinant_yield_files/figure-latex/unnamed-chunk-25-4.pdf, id=456, 469.755pt
 x 325.215pt>
File: determinant_yield_files/figure-latex/unnamed-chunk-25-4.pdf Graphic file 
(type pdf)
<use determinant_yield_files/figure-latex/unnamed-chunk-25-4.pdf>
Package pdftex.def Info: determinant_yield_files/figure-latex/unnamed-chunk-25-
4.pdf  used on input line 350.
(pdftex.def)             Requested size: 469.75386pt x 325.2142pt.

Underfull \hbox (badness 10000) in paragraph at lines 350--351
[][]
 []


Underfull \hbox (badness 10000) in paragraph at lines 350--351
[]
 []


Underfull \hbox (badness 10000) in paragraph at lines 350--351
[]
 []

[27 <./determinant_yield_files/figure-latex/unnamed-chunk-25-1.pdf>] [28 <./det
erminant_yield_files/figure-latex/unnamed-chunk-25-2.pdf>] [29 <./determinant_y
ield_files/figure-latex/unnamed-chunk-25-3.pdf>]
<determinant_yield_files/figure-latex/yieldmove-1.pdf, id=485, 469.755pt x 325.
215pt>
File: determinant_yield_files/figure-latex/yieldmove-1.pdf Graphic file (type p
df)
<use determinant_yield_files/figure-latex/yieldmove-1.pdf>
Package pdftex.def Info: determinant_yield_files/figure-latex/yieldmove-1.pdf  
used on input line 356.
(pdftex.def)             Requested size: 469.75386pt x 325.2142pt.
<determinant_yield_files/figure-latex/unnamed-chunk-26-1.pdf, id=487, 469.755pt
 x 325.215pt>
File: determinant_yield_files/figure-latex/unnamed-chunk-26-1.pdf Graphic file 
(type pdf)
<use determinant_yield_files/figure-latex/unnamed-chunk-26-1.pdf>
Package pdftex.def Info: determinant_yield_files/figure-latex/unnamed-chunk-26-
1.pdf  used on input line 361.
(pdftex.def)             Requested size: 469.75386pt x 325.2142pt.
[30 <./determinant_yield_files/figure-latex/unnamed-chunk-25-4.pdf>] [31pdfTeX 
warning (ext4): destination with the same identifier (name{figure.2}) has been 
already used, duplicate ignored
<argument> ...shipout:D \box_use:N \l_shipout_box 
                                                  \__shipout_drop_firstpage_...
l.363 W
       e analyze the difference in yield's movement between auction days and...
 <./determinant_yield_files/figure-latex/yieldmove-1.pdf>]

LaTeX Warning: Reference `tab:yielddiftable' on page 32 undefined on input line
 363.

[32 <./determinant_yield_files/figure-latex/unnamed-chunk-26-1.pdf>]
<determinant_yield_files/figure-latex/yielddif_line-1.pdf, id=522, 469.755pt x 
325.215pt>
File: determinant_yield_files/figure-latex/yielddif_line-1.pdf Graphic file (ty
pe pdf)
<use determinant_yield_files/figure-latex/yielddif_line-1.pdf>
Package pdftex.def Info: determinant_yield_files/figure-latex/yielddif_line-1.p
df  used on input line 417.
(pdftex.def)             Requested size: 469.75386pt x 325.2142pt.
<determinant_yield_files/figure-latex/yielddif_line-2.pdf, id=523, 469.755pt x 
325.215pt>
File: determinant_yield_files/figure-latex/yielddif_line-2.pdf Graphic file (ty
pe pdf)
<use determinant_yield_files/figure-latex/yielddif_line-2.pdf>
Package pdftex.def Info: determinant_yield_files/figure-latex/yielddif_line-2.p
df  used on input line 423.
(pdftex.def)             Requested size: 469.75386pt x 325.2142pt.
<determinant_yield_files/figure-latex/unnamed-chunk-27-1.pdf, id=524, 469.755pt
 x 325.215pt>
File: determinant_yield_files/figure-latex/unnamed-chunk-27-1.pdf Graphic file 
(type pdf)
<use determinant_yield_files/figure-latex/unnamed-chunk-27-1.pdf>
Package pdftex.def Info: determinant_yield_files/figure-latex/unnamed-chunk-27-
1.pdf  used on input line 427.
(pdftex.def)             Requested size: 469.75386pt x 325.2142pt.
[33 <./determinant_yield_files/figure-latex/yielddif_line-1.pdf>]
<determinant_yield_files/figure-latex/unnamed-chunk-28-1.pdf, id=535, 469.755pt
 x 325.215pt>
File: determinant_yield_files/figure-latex/unnamed-chunk-28-1.pdf Graphic file 
(type pdf)
<use determinant_yield_files/figure-latex/unnamed-chunk-28-1.pdf>
Package pdftex.def Info: determinant_yield_files/figure-latex/unnamed-chunk-28-
1.pdf  used on input line 434.
(pdftex.def)             Requested size: 469.75386pt x 325.2142pt.
<determinant_yield_files/figure-latex/unnamed-chunk-30-1.pdf, id=536, 469.755pt
 x 325.215pt>
File: determinant_yield_files/figure-latex/unnamed-chunk-30-1.pdf Graphic file 
(type pdf)
<use determinant_yield_files/figure-latex/unnamed-chunk-30-1.pdf>
Package pdftex.def Info: determinant_yield_files/figure-latex/unnamed-chunk-30-
1.pdf  used on input line 454.
(pdftex.def)             Requested size: 469.75386pt x 325.2142pt.
<determinant_yield_files/figure-latex/unnamed-chunk-30-2.pdf, id=537, 469.755pt
 x 325.215pt>
File: determinant_yield_files/figure-latex/unnamed-chunk-30-2.pdf Graphic file 
(type pdf)
<use determinant_yield_files/figure-latex/unnamed-chunk-30-2.pdf>
Package pdftex.def Info: determinant_yield_files/figure-latex/unnamed-chunk-30-
2.pdf  used on input line 454.
(pdftex.def)             Requested size: 469.75386pt x 325.2142pt.
<determinant_yield_files/figure-latex/unnamed-chunk-30-3.pdf, id=538, 469.755pt
 x 325.215pt>
File: determinant_yield_files/figure-latex/unnamed-chunk-30-3.pdf Graphic file 
(type pdf)
<use determinant_yield_files/figure-latex/unnamed-chunk-30-3.pdf>
Package pdftex.def Info: determinant_yield_files/figure-latex/unnamed-chunk-30-
3.pdf  used on input line 454.
(pdftex.def)             Requested size: 469.75386pt x 325.2142pt.
<determinant_yield_files/figure-latex/unnamed-chunk-30-4.pdf, id=539, 469.755pt
 x 325.215pt>
File: determinant_yield_files/figure-latex/unnamed-chunk-30-4.pdf Graphic file 
(type pdf)
<use determinant_yield_files/figure-latex/unnamed-chunk-30-4.pdf>
Package pdftex.def Info: determinant_yield_files/figure-latex/unnamed-chunk-30-
4.pdf  used on input line 454.
(pdftex.def)             Requested size: 469.75386pt x 325.2142pt.

Underfull \hbox (badness 10000) in paragraph at lines 454--455
[]
 []


Underfull \hbox (badness 10000) in paragraph at lines 454--455
[]
 []


Underfull \hbox (badness 10000) in paragraph at lines 454--455
[]
 []

[34 <./determinant_yield_files/figure-latex/yielddif_line-2.pdf>] [35pdfTeX war
ning (ext4): destination with the same identifier (name{figure.3}) has been alr
eady used, duplicate ignored
<argument> ...shipout:D \box_use:N \l_shipout_box 
                                                  \__shipout_drop_firstpage_...
l.455 
       <./determinant_yield_files/figure-latex/unnamed-chunk-27-1.pdf>] [36pdfT
eX warning (ext4): destination with the same identifier (name{figure.4}) has be
en already used, duplicate ignored
<argument> ...shipout:D \box_use:N \l_shipout_box 
                                                  \__shipout_drop_firstpage_...
l.455 
       <./determinant_yield_files/figure-latex/unnamed-chunk-28-1.pdf>] [37]
Overfull \vbox (46.91487pt too high) has occurred while \output is active []

[38 <./determinant_yield_files/figure-latex/unnamed-chunk-30-1.pdf> <./determin
ant_yield_files/figure-latex/unnamed-chunk-30-2.pdf>] [39 <./determinant_yield_
files/figure-latex/unnamed-chunk-30-3.pdf>]
<determinant_yield_files/figure-latex/unnamed-chunk-30-5.pdf, id=618, 469.755pt
 x 325.215pt>
File: determinant_yield_files/figure-latex/unnamed-chunk-30-5.pdf Graphic file 
(type pdf)
<use determinant_yield_files/figure-latex/unnamed-chunk-30-5.pdf>
Package pdftex.def Info: determinant_yield_files/figure-latex/unnamed-chunk-30-
5.pdf  used on input line 470.
(pdftex.def)             Requested size: 469.75386pt x 325.2142pt.
[40 <./determinant_yield_files/figure-latex/unnamed-chunk-30-4.pdf>]
<determinant_yield_files/figure-latex/unnamed-chunk-30-6.pdf, id=633, 469.755pt
 x 325.215pt>
File: determinant_yield_files/figure-latex/unnamed-chunk-30-6.pdf Graphic file 
(type pdf)
<use determinant_yield_files/figure-latex/unnamed-chunk-30-6.pdf>
Package pdftex.def Info: determinant_yield_files/figure-latex/unnamed-chunk-30-
6.pdf  used on input line 478.
(pdftex.def)             Requested size: 469.75386pt x 325.2142pt.
[41 <./determinant_yield_files/figure-latex/unnamed-chunk-30-5.pdf>] [42pdfTeX 
warning (ext4): destination with the same identifier (name{table.1}) has been a
lready used, duplicate ignored
<argument> ...shipout:D \box_use:N \l_shipout_box 
                                                  \__shipout_drop_firstpage_...
l.521 
       <./determinant_yield_files/figure-latex/unnamed-chunk-30-6.pdf>] [43] [4
4]
<determinant_yield_files/figure-latex/unnamed-chunk-34-1.pdf, id=686, 469.755pt
 x 325.215pt>
File: determinant_yield_files/figure-latex/unnamed-chunk-34-1.pdf Graphic file 
(type pdf)
<use determinant_yield_files/figure-latex/unnamed-chunk-34-1.pdf>
Package pdftex.def Info: determinant_yield_files/figure-latex/unnamed-chunk-34-
1.pdf  used on input line 638.
(pdftex.def)             Requested size: 469.75386pt x 325.2142pt.
[45 <./determinant_yield_files/figure-latex/unnamed-chunk-34-1.pdf>] [46] (./de
terminant_yield.aux)

LaTeX Warning: There were undefined references.

Package rerunfilecheck Info: File `determinant_yield.out' has not changed.
(rerunfilecheck)             Checksum: 07CB9649EF942AB45B4E6FD92E541399;3217.
 ) 
Here is how much of TeX's memory you used:
 14309 strings out of 480559
 228615 string characters out of 5901864
 559851 words of memory out of 5000000
 31331 multiletter control sequences out of 15000+600000
 472620 words of font info for 152 fonts, out of 8000000 for 9000
 14 hyphenation exceptions out of 8191
 60i,9n,66p,971b,483s stack positions out of 5000i,500n,10000p,200000b,80000s
{c:/Users/Vega/AppData/Roaming/TinyTeX/texmf-dist/fonts/enc/dvips/lm/lm-ec.en
c}{c:/Users/Vega/AppData/Roaming/TinyTeX/texmf-dist/fonts/enc/dvips/lm/lm-rm.en
c}{c:/Users/Vega/AppData/Roaming/TinyTeX/texmf-dist/fonts/enc/dvips/lm/lm-mathi
t.enc}<c:/Users/Vega/AppData/Roaming/TinyTeX/texmf-dist/fonts/type1/public/lm/l
mbx10.pfb><c:/Users/Vega/AppData/Roaming/TinyTeX/texmf-dist/fonts/type1/public/
lm/lmbx12.pfb><c:/Users/Vega/AppData/Roaming/TinyTeX/texmf-dist/fonts/type1/pub
lic/lm/lmmi10.pfb><c:/Users/Vega/AppData/Roaming/TinyTeX/texmf-dist/fonts/type1
/public/lm/lmr10.pfb><c:/Users/Vega/AppData/Roaming/TinyTeX/texmf-dist/fonts/ty
pe1/public/lm/lmr12.pfb><c:/Users/Vega/AppData/Roaming/TinyTeX/texmf-dist/fonts
/type1/public/lm/lmr17.pfb><c:/Users/Vega/AppData/Roaming/TinyTeX/texmf-dist/fo
nts/type1/public/lm/lmr6.pfb><c:/Users/Vega/AppData/Roaming/TinyTeX/texmf-dist/
fonts/type1/public/lm/lmr7.pfb><c:/Users/Vega/AppData/Roaming/TinyTeX/texmf-dis
t/fonts/type1/public/lm/lmr8.pfb><c:/Users/Vega/AppData/Roaming/TinyTeX/texmf-d
ist/fonts/type1/public/lm/lmri10.pfb><c:/Users/Vega/AppData/Roaming/TinyTeX/tex
mf-dist/fonts/type1/public/lm/lmtt10.pfb>
Output written on determinant_yield.pdf (46 pages, 3272124 bytes).
PDF statistics:
 832 PDF objects out of 1000 (max. 8388607)
 665 compressed objects within 7 object streams
 120 named destinations out of 1000 (max. 500000)
 37245 words of extra memory for PDF output out of 42996 (max. 10000000)

